<?xml version="1.0" encoding="UTF-8"?>
<testsuite name="agh.ics.oop.Vector2dTest" tests="9" skipped="0" failures="0" errors="0" timestamp="2022-12-05T19:22:44" hostname="LAPTOP-3L9EERBL" time="0.04">
  <properties/>
  <testcase name="equalsMethodTest()" classname="agh.ics.oop.Vector2dTest" time="0.021"/>
  <testcase name="toStringMethodTest()" classname="agh.ics.oop.Vector2dTest" time="0.008"/>
  <testcase name="addMethodTest()" classname="agh.ics.oop.Vector2dTest" time="0.0"/>
  <testcase name="subtractMethodTest()" classname="agh.ics.oop.Vector2dTest" time="0.001"/>
  <testcase name="oppositeMethodTest()" classname="agh.ics.oop.Vector2dTest" time="0.001"/>
  <testcase name="precedesMethodTest()" classname="agh.ics.oop.Vector2dTest" time="0.001"/>
  <testcase name="followsMethodTest()" classname="agh.ics.oop.Vector2dTest" time="0.001"/>
  <testcase name="upperRightMethodTest()" classname="agh.ics.oop.Vector2dTest" time="0.0"/>
  <testcase name="lowerLeftMethodTest()" classname="agh.ics.oop.Vector2dTest" time="0.0"/>
  <system-out><![CDATA[]]></system-out>
  <system-err><![CDATA[]]></system-err>
</testsuite>
