<?xml version="1.0" encoding="UTF-8"?>
<testsuite name="agh.ics.oop.RectangularMapTest" tests="5" skipped="0" failures="0" errors="0" timestamp="2022-11-21T22:06:05" hostname="LAPTOP-3L9EERBL" time="0.066">
  <properties/>
  <testcase name="objectAtTest()" classname="agh.ics.oop.RectangularMapTest" time="0.044"/>
  <testcase name="isOccupiedTest()" classname="agh.ics.oop.RectangularMapTest" time="0.003"/>
  <testcase name="canMoveOnEmptyMapTest()" classname="agh.ics.oop.RectangularMapTest" time="0.007"/>
  <testcase name="canMoveOnNotEmptyMapTest()" classname="agh.ics.oop.RectangularMapTest" time="0.002"/>
  <testcase name="placeTest()" classname="agh.ics.oop.RectangularMapTest" time="0.002"/>
  <system-out><![CDATA[]]></system-out>
  <system-err><![CDATA[]]></system-err>
</testsuite>
