<?xml version="1.0" encoding="UTF-8"?>
<testsuite name="agh.ics.oop.RectangularMapTest" tests="5" skipped="0" failures="0" errors="0" timestamp="2022-11-20T19:21:49" hostname="LAPTOP-3L9EERBL" time="0.035">
  <properties/>
  <testcase name="objectAtTest()" classname="agh.ics.oop.RectangularMapTest" time="0.025"/>
  <testcase name="isOccupiedTest()" classname="agh.ics.oop.RectangularMapTest" time="0.002"/>
  <testcase name="canMoveOnEmptyMapTest()" classname="agh.ics.oop.RectangularMapTest" time="0.001"/>
  <testcase name="canMoveOnNotEmptyMapTest()" classname="agh.ics.oop.RectangularMapTest" time="0.001"/>
  <testcase name="placeTest()" classname="agh.ics.oop.RectangularMapTest" time="0.002"/>
  <system-out><![CDATA[]]></system-out>
  <system-err><![CDATA[]]></system-err>
</testsuite>
