<?xml version="1.0" encoding="UTF-8"?>
<testsuite name="agh.ics.oop.MapDirectionTest" tests="2" skipped="0" failures="0" errors="0" timestamp="2022-10-23T20:26:58" hostname="LAPTOP-3L9EERBL" time="0.028">
  <properties/>
  <testcase name="nextMethodTest()" classname="agh.ics.oop.MapDirectionTest" time="0.025"/>
  <testcase name="previousMethodTest()" classname="agh.ics.oop.MapDirectionTest" time="0.002"/>
  <system-out><![CDATA[]]></system-out>
  <system-err><![CDATA[]]></system-err>
</testsuite>
